    Finished `test` profile [unoptimized + debuginfo] target(s) in 0.30s
     Running unittests src/lib.rs (target/debug/deps/tenuo_core-2efd6d3883dd1bd4)

running 0 tests

test result: ok. 0 passed; 0 failed; 0 ignored; 0 measured; 56 filtered out; finished in 0.00s

     Running unittests src/bin/cli.rs (target/debug/deps/tenuo-986c3790fa170284)

running 0 tests

test result: ok. 0 passed; 0 failed; 0 ignored; 0 measured; 0 filtered out; finished in 0.00s

     Running unittests src/bin/authorizer.rs (target/debug/deps/tenuo_authorizer-c16f59cb099d68aa)

running 0 tests

test result: ok. 0 passed; 0 failed; 0 ignored; 0 measured; 0 filtered out; finished in 0.00s

     Running unittests src/bin/orchestrator.rs (target/debug/deps/tenuo_orchestrator-8dddafc570d78382)

running 0 tests

test result: ok. 0 passed; 0 failed; 0 ignored; 0 measured; 0 filtered out; finished in 0.00s

     Running unittests src/bin/worker.rs (target/debug/deps/tenuo_worker-e4ae9ac26011750c)

running 0 tests

test result: ok. 0 passed; 0 failed; 0 ignored; 0 measured; 0 filtered out; finished in 0.00s

     Running tests/integration.rs (target/debug/deps/integration-67127391d0598b12)

running 0 tests

test result: ok. 0 passed; 0 failed; 0 ignored; 0 measured; 7 filtered out; finished in 0.00s

     Running tests/invariants.rs (target/debug/deps/invariants-7f40e75a0e37af3c)

running 0 tests

test result: ok. 0 passed; 0 failed; 0 ignored; 0 measured; 12 filtered out; finished in 0.00s

     Running tests/revocation.rs (target/debug/deps/revocation-1eca253f51223166)

running 1 test

thread 'test_chain_revocation_child' (15652155) panicked at tests/revocation.rs:64:16:
Expected WarrantRevoked, got Ok(ChainVerificationResult { root_issuer: Some([18, 205, 55, 187, 247, 2, 32, 174, 188, 142, 123, 165, 112, 1, 174, 156, 240, 114, 227, 243, 109, 180, 24, 96, 79, 229, 147, 115, 176, 102, 39, 124]), chain_length: 2, leaf_depth: 1, verified_steps: [ChainStep { warrant_id: "tnu_wrt_019ae5917d1c75a29ea3e94ad6096bcf", depth: 0, issuer: [18, 205, 55, 187, 247, 2, 32, 174, 188, 142, 123, 165, 112, 1, 174, 156, 240, 114, 227, 243, 109, 180, 24, 96, 79, 229, 147, 115, 176, 102, 39, 124] }, ChainStep { warrant_id: "tnu_wrt_019ae5917d1d7563b77301c64a99c32a", depth: 1, issuer: [119, 56, 147, 97, 115, 171, 241, 184, 172, 57, 67, 236, 124, 123, 238, 78, 230, 92, 241, 56, 255, 44, 149, 232, 233, 234, 85, 225, 120, 253, 44, 232] }] }). Child ID: tnu_wrt_019ae5917d1d7563b77301c64a99c32a
note: run with `RUST_BACKTRACE=1` environment variable to display a backtrace
test test_chain_revocation_child ... FAILED

failures:

failures:
    test_chain_revocation_child

test result: FAILED. 0 passed; 1 failed; 0 ignored; 0 measured; 2 filtered out; finished in 0.01s

error: test failed, to rerun pass `--test revocation`
